Log file open, 10/24/17 23:37:16
LogWindows: Failed to load 'aqProf.dll' (GetLastError=126)
LogWindows: File 'aqProf.dll' does not exist
LogWindows: Failed to load 'VtuneApi.dll' (GetLastError=126)
LogWindows: File 'VtuneApi.dll' does not exist
LogWindows: Failed to load 'VtuneApi32e.dll' (GetLastError=126)
LogWindows: File 'VtuneApi32e.dll' does not exist
LogInit: Display: Running engine for game: Level1Section3
LogPlatformFile: Not using cached read wrapper
LogInit: Display: RandInit(-1099955159) SRandInit(-1099955159).
LogTaskGraph: Started task graph with 5 named threads and 14 total threads with 3 sets of task threads.
LogStats: Stats thread started at 0.175572
LogD3D11RHI: Aftermath initialized
LogPluginManager: Mounting plugin Paper2D
LogPluginManager: Mounting plugin LightPropagationVolume
LogPluginManager: Mounting plugin CodeLiteSourceCodeAccess
LogPluginManager: Mounting plugin GitSourceControl
LogPluginManager: Mounting plugin KDevelopSourceCodeAccess
LogPluginManager: Mounting plugin NullSourceCodeAccess
LogPluginManager: Mounting plugin PerforceSourceControl
LogPluginManager: Mounting plugin SubversionSourceControl
LogPluginManager: Mounting plugin UObjectPlugin
LogPluginManager: Mounting plugin VisualStudioSourceCodeAccess
LogPluginManager: Mounting plugin XCodeSourceCodeAccess
LogPluginManager: Mounting plugin AssetManagerEditor
LogPluginManager: Mounting plugin AudioCapture
LogPluginManager: Mounting plugin FacialAnimation
LogPluginManager: Mounting plugin GameplayTagsEditor
LogPluginManager: Mounting plugin MobileLauncherProfileWizard
LogPluginManager: Mounting plugin PluginBrowser
LogPluginManager: Mounting plugin SpeedTreeImporter
LogPluginManager: Mounting plugin AlembicImporter
LogPluginManager: Mounting plugin CharacterAI
LogPluginManager: Mounting plugin HTML5Networking
LogPluginManager: Mounting plugin AndroidMedia
LogPluginManager: Mounting plugin AvfMedia
LogPluginManager: Mounting plugin MediaPlayerEditor
LogPluginManager: Mounting plugin WmfMedia
LogPluginManager: Mounting plugin TcpMessaging
LogPluginManager: Mounting plugin UdpMessaging
LogPluginManager: Mounting plugin LevelSequenceEditor
LogPluginManager: Mounting plugin MatineeToLevelSequence
LogPluginManager: Mounting plugin OnlineSubsystemGooglePlay
LogPluginManager: Mounting plugin OnlineSubsystemIOS
LogPluginManager: Mounting plugin OnlineSubsystem
LogPluginManager: Mounting plugin OnlineSubsystemNull
LogPluginManager: Mounting plugin OnlineSubsystemUtils
LogPluginManager: Mounting plugin AndroidDeviceProfileSelector
LogPluginManager: Mounting plugin AndroidMoviePlayer
LogPluginManager: Mounting plugin AndroidPermission
LogPluginManager: Mounting plugin AppleMoviePlayer
LogPluginManager: Mounting plugin ArchVisCharacter
LogPluginManager: Mounting plugin CableComponent
LogPluginManager: Mounting plugin CustomMeshComponent
LogPluginManager: Mounting plugin ExampleDeviceProfileSelector
LogPluginManager: Mounting plugin GoogleCloudMessaging
LogPluginManager: Mounting plugin ImmediatePhysics
LogPluginManager: Mounting plugin IOSDeviceProfileSelector
LogPluginManager: Mounting plugin LinuxDeviceProfileSelector
LogPluginManager: Mounting plugin LocationServicesBPLibrary
LogPluginManager: Mounting plugin MobilePatchingUtils
LogPluginManager: Mounting plugin OculusVR
LogPluginManager: Mounting plugin PhysXVehicles
LogPluginManager: Mounting plugin ProceduralMeshComponent
LogPluginManager: Mounting plugin RuntimePhysXCooking
LogPluginManager: Mounting plugin SteamVR
LogPluginManager: Mounting plugin WindowsMoviePlayer
LogInit: Using libcurl 7.47.1
LogInit:  - built for x86_64-pc-win32
LogInit:  - supports SSL with OpenSSL/1.0.2g
LogInit:  - supports HTTP deflate (compression) using libz 1.2.8
LogInit:  - other features:
LogInit:      CURL_VERSION_SSL
LogInit:      CURL_VERSION_LIBZ
LogInit:      CURL_VERSION_IPV6
LogInit:      CURL_VERSION_ASYNCHDNS
LogInit:      CURL_VERSION_LARGEFILE
LogInit:      CURL_VERSION_IDN
LogInit:  CurlRequestOptions (configurable via config and command line):
LogInit:  - bVerifyPeer = false  - Libcurl will NOT verify peer certificate
LogInit:  - bUseHttpProxy = false  - Libcurl will NOT use HTTP proxy
LogInit:  - bDontReuseConnections = false  - Libcurl will reuse connections
LogInit:  - CertBundlePath = nullptr  - Libcurl will use whatever was configured at build time.
LogInit: Build: ++UE4+Release-4.17-CL-3658906
LogInit: Engine Version: 4.17.2-3658906+++UE4+Release-4.17
LogInit: Compatible Engine Version: 4.17.0-3573198+++UE4+Release-4.17
LogInit: Net CL: 3573198
LogDevObjectVersion: Number of dev versions registered: 16
LogDevObjectVersion:   Dev-Blueprints (B0D832E4-1F89-4F0D-ACCF-7EB736FD4AA2): 10
LogDevObjectVersion:   Dev-Build (E1C64328-A22C-4D53-A36C-8E866417BD8C): 0
LogDevObjectVersion:   Dev-Core (375EC13C-06E4-48FB-B500-84F0262A717E): 2
LogDevObjectVersion:   Dev-Editor (E4B068ED-F494-42E9-A231-DA0B2E46BB41): 20
LogDevObjectVersion:   Dev-Framework (CFFC743F-43B0-4480-9391-14DF171D2073): 28
LogDevObjectVersion:   Dev-Mobile (B02B49B5-BB20-44E9-A304-32B752E40360): 0
LogDevObjectVersion:   Dev-Networking (A4E4105C-59A1-49B5-A7C5-40C4547EDFEE): 0
LogDevObjectVersion:   Dev-Online (39C831C9-5AE6-47DC-9A44-9C173E1C8E7C): 0
LogDevObjectVersion:   Dev-Physics (78F01B33-EBEA-4F98-B9B4-84EACCB95AA2): 0
LogDevObjectVersion:   Dev-Platform (6631380F-2D4D-43E0-8009-CF276956A95A): 0
LogDevObjectVersion:   Dev-Rendering (12F88B9F-8875-4AFC-A67C-D90C383ABD29): 19
LogDevObjectVersion:   Dev-Sequencer (7B5AE74C-D270-4C10-A958-57980B212A5A): 4
LogDevObjectVersion:   Dev-VR (D7296918-1DD6-4BDD-9DE2-64A83CC13884): 0
LogDevObjectVersion:   Dev-LoadTimes (C2A15278-BFE7-4AFE-6C17-90FF531DF755): 1
LogDevObjectVersion:   Private-Geometry (6EACA3D4-40EC-4CC1-B786-8BED09428FC5): 1
LogDevObjectVersion:   Dev-AnimPhys (29E575DD-E0A3-4627-9D10-D276232CDCEA): 7
LogInit: Compiled (64-bit): Sep 22 2017 13:47:16
LogInit: Compiled with Visual C++: 19.00.24215.01
LogInit: Build Configuration: Development
LogInit: Branch Name: ++UE4+Release-4.17
LogInit: Command line: -EpicPortal 
LogInit: Base directory: D:/Unreal Engine/UE_4.17/Engine/Binaries/Win64/
LogInit: Installed Engine Build: 1
LogInit: Presizing for max 8388607 objects, including 0 objects not considered by GC, pre-allocating 0 bytes for permanent pool.
LogInit: Object subsystem initialized
[2017.10.25-04.37.17:699][  0]LogInit: Selected Device Profile: [Windows]
[2017.10.25-04.37.17:699][  0]LogInit: Applying CVar settings loaded from the selected device profile: [Windows]
[2017.10.25-04.37.17:762][  0]LogInit: Computer: SEVEN-PC
[2017.10.25-04.37.17:762][  0]LogInit: User: Seven
[2017.10.25-04.37.17:762][  0]LogInit: CPU Page size=4096, Cores=4
[2017.10.25-04.37.17:762][  0]LogInit: High frequency timer resolution =2.922998 MHz
[2017.10.25-04.37.17:762][  0]LogMemory: Memory total: Physical=7.8GB (8GB approx)
[2017.10.25-04.37.17:762][  0]LogMemory: Platform Memory Stats for Windows
[2017.10.25-04.37.17:762][  0]LogMemory: Process Physical Memory: 279.14 MB used, 279.14 MB peak
[2017.10.25-04.37.17:762][  0]LogMemory: Process Virtual Memory: 283.41 MB used, 283.41 MB peak
[2017.10.25-04.37.17:762][  0]LogMemory: Physical Memory: 5313.23 MB used,  2680.68 MB free, 7993.91 MB total
[2017.10.25-04.37.17:762][  0]LogMemory: Virtual Memory: 648.97 MB used,  2680.68 MB free, 8388608.00 MB total
[2017.10.25-04.37.17:910][  0]LogInit: Overriding language with editor language configuration option (en).
[2017.10.25-04.37.17:910][  0]LogInit: Overriding locale with editor locale configuration option (en).
[2017.10.25-04.37.19:027][  0]LogD3D11RHI: D3D11 adapters:
[2017.10.25-04.37.19:740][  0]LogD3D11RHI:    0. 'NVIDIA GeForce GTX 650' (Feature Level 11_0)
[2017.10.25-04.37.19:740][  0]LogD3D11RHI:       1990/0/3740 MB DedicatedVideo/DedicatedSystem/SharedSystem, Outputs:1, VendorId:0x10de
[2017.10.25-04.37.19:740][  0]LogD3D11RHI: Chosen D3D11 Adapter: 0
[2017.10.25-04.37.19:752][  0]LogD3D11RHI: Creating new Direct3DDevice
[2017.10.25-04.37.19:752][  0]LogD3D11RHI:     GPU DeviceId: 0xfc6 (for the marketing name, search the web for "GPU Device Id")
[2017.10.25-04.37.19:752][  0]LogWindows: EnumDisplayDevices:
[2017.10.25-04.37.19:753][  0]LogWindows:    0. 'NVIDIA GeForce GTX 650' (P:1 D:1)
[2017.10.25-04.37.19:753][  0]LogWindows:    1. 'NVIDIA GeForce GTX 650' (P:0 D:0)
[2017.10.25-04.37.19:753][  0]LogWindows:    2. 'NVIDIA GeForce GTX 650' (P:0 D:0)
[2017.10.25-04.37.19:753][  0]LogWindows:    3. 'NVIDIA GeForce GTX 650' (P:0 D:0)
[2017.10.25-04.37.19:753][  0]LogWindows:    4. 'RDPDD Chained DD' (P:0 D:0)
[2017.10.25-04.37.19:753][  0]LogWindows:    5. 'RDP Encoder Mirror Driver' (P:0 D:0)
[2017.10.25-04.37.19:753][  0]LogWindows:    6. 'RDP Reflector Display Driver' (P:0 D:0)
[2017.10.25-04.37.19:753][  0]LogWindows:    7. 'Mirage Driver' (P:0 D:0)
[2017.10.25-04.37.19:753][  0]LogWindows: DebugString: GetVideoDriverDetailsInvalid PrimaryIsNotTheChoosenAdapter GetVideoDriverDetailsInvalid PrimaryIsNotTheChoosenAdapter GetVideoDriverDetailsInvalid PrimaryIsNotTheChoosenAdapter GetVideoDriverDetailsInvalid PrimaryIsNotTheChoosenAdapter FoundDriverCount:4 
[2017.10.25-04.37.19:753][  0]LogD3D11RHI:     Adapter Name: NVIDIA GeForce GTX 650
[2017.10.25-04.37.19:753][  0]LogD3D11RHI:   Driver Version: 384.94 (internal:22.21.13.8494, unified:384.94)
[2017.10.25-04.37.19:753][  0]LogD3D11RHI:      Driver Date: 7-18-2017
[2017.10.25-04.37.19:754][  0]LogRHI: Texture pool is 1361 MB (70% of 1945 MB)
[2017.10.25-04.37.20:431][  0]LogD3D11RHI: Async texture creation enabled
[2017.10.25-04.37.20:576][  0]LogD3D11RHI: GPU Timing Frequency: 1000.000000 (Debug: 2 3)
[2017.10.25-04.37.20:578][  0]LogShaderCompilers: Guid format shader working directory is -9 characters bigger than the processId version (C:/Users/Seven/Documents/Unreal Projects/Level1Section3/Intermediate/Shaders/WorkingDirectory/8884/).
[2017.10.25-04.37.20:578][  0]LogShaderCompilers: Cleaned the shader compiler working directory 'C:/Users/Seven/AppData/Local/Temp/UnrealShaderWorkingDir/C95DDE4A4426D03B202AD9AA97718C53/'.
[2017.10.25-04.37.20:578][  0]LogShaderCompilers: Display: Using Local Shader Compiler.
[2017.10.25-04.37.22:014][  0]LogTemp: Display: Loaded TP AllDesktopTargetPlatform
[2017.10.25-04.37.22:062][  0]LogTemp: Display: Loaded TP MacClientTargetPlatform
[2017.10.25-04.37.22:112][  0]LogTemp: Display: Loaded TP MacNoEditorTargetPlatform
[2017.10.25-04.37.22:165][  0]LogTemp: Display: Loaded TP MacServerTargetPlatform
[2017.10.25-04.37.22:219][  0]LogTemp: Display: Loaded TP MacTargetPlatform
[2017.10.25-04.37.22:268][  0]LogTemp: Display: Loaded TP WindowsClientTargetPlatform
[2017.10.25-04.37.22:322][  0]LogTemp: Display: Loaded TP WindowsNoEditorTargetPlatform
[2017.10.25-04.37.22:370][  0]LogTemp: Display: Loaded TP WindowsServerTargetPlatform
[2017.10.25-04.37.22:411][  0]LogTemp: Display: Loaded TP WindowsTargetPlatform
[2017.10.25-04.37.22:459][  0]LogTemp: Display: Loaded TP AndroidTargetPlatform
[2017.10.25-04.37.22:506][  0]LogTemp: Display: Loaded TP Android_ASTCTargetPlatform
[2017.10.25-04.37.22:555][  0]LogTemp: Display: Loaded TP Android_ATCTargetPlatform
[2017.10.25-04.37.22:603][  0]LogTemp: Display: Loaded TP Android_DXTTargetPlatform
[2017.10.25-04.37.22:650][  0]LogTemp: Display: Loaded TP Android_ETC1TargetPlatform
[2017.10.25-04.37.22:698][  0]LogTemp: Display: Loaded TP Android_ETC2TargetPlatform
[2017.10.25-04.37.22:800][  0]LogTemp: Display: Loaded TP Android_MultiTargetPlatform
[2017.10.25-04.37.22:800][  0]LogTemp: Display: Loaded TP Android_PVRTCTargetPlatform
[2017.10.25-04.37.22:836][  0]LogTemp: Display: Loaded TP HTML5TargetPlatform
[2017.10.25-04.37.22:918][  0]LogTemp: Display: Loaded TP IOSTargetPlatform
[2017.10.25-04.37.22:944][  0]LogTemp: Display: Loaded TP TVOSTargetPlatform
[2017.10.25-04.37.22:993][  0]LogTemp: Display: Loaded TP LinuxClientTargetPlatform
[2017.10.25-04.37.23:041][  0]LogTemp: Display: Loaded TP LinuxNoEditorTargetPlatform
[2017.10.25-04.37.23:091][  0]LogTemp: Display: Loaded TP LinuxServerTargetPlatform
[2017.10.25-04.37.23:146][  0]LogTemp: Display: Loaded TP LinuxTargetPlatform
[2017.10.25-04.37.23:146][  0]LogTargetPlatformManager: Display: Building Assets For Windows
[2017.10.25-04.37.23:533][  0]LogDerivedDataCache: Display: Max Cache Size: 512 MB
[2017.10.25-04.37.23:666][  0]LogDerivedDataCache: Loaded boot cache 0.13s 93MB C:/Users/Seven/AppData/Local/UnrealEngine/4.17/DerivedDataCache/Boot.ddc.
[2017.10.25-04.37.23:667][  0]LogDerivedDataCache: Display: Loaded Boot cache: C:/Users/Seven/AppData/Local/UnrealEngine/4.17/DerivedDataCache/Boot.ddc
[2017.10.25-04.37.23:667][  0]LogDerivedDataCache: FDerivedDataBackendGraph:  Pak pak cache file C:/Users/Seven/Documents/Unreal Projects/Level1Section3/DerivedDataCache/DDC.ddp not found, will not use a pak cache.
[2017.10.25-04.37.23:667][  0]LogDerivedDataCache: Unable to find inner node Pak for hierarchical cache Hierarchy.
[2017.10.25-04.37.23:667][  0]LogDerivedDataCache: FDerivedDataBackendGraph:  CompressedPak pak cache file C:/Users/Seven/Documents/Unreal Projects/Level1Section3/DerivedDataCache/Compressed.ddp not found, will not use a pak cache.
[2017.10.25-04.37.23:667][  0]LogDerivedDataCache: Unable to find inner node CompressedPak for hierarchical cache Hierarchy.
[2017.10.25-04.37.23:688][  0]LogDerivedDataCache: Display: Pak cache opened for reading ../../../Engine/DerivedDataCache/Compressed.ddp.
[2017.10.25-04.37.23:701][  0]LogDerivedDataCache: Using Local data cache path C:/Users/Seven/AppData/Local/UnrealEngine/Common/DerivedDataCache: Writable
[2017.10.25-04.37.23:715][  0]LogMaterial: Verifying Global Shaders for PCD3D_SM5
[2017.10.25-04.37.23:715][  0]LogSlate: Using Freetype 2.6.0
[2017.10.25-04.37.23:716][  0]LogSlate: SlateFontCache - WITH_FREETYPE: 1, WITH_HARFBUZZ: 1
[2017.10.25-04.37.23:716][  0]LogSlate: SlateFontCache - WITH_FREETYPE: 1, WITH_HARFBUZZ: 1
[2017.10.25-04.37.24:061][  0]LogAssetRegistry: FAssetRegistry took 0.0257 seconds to start up
[2017.10.25-04.37.24:252][  0]LogInit: Selected Device Profile: [Windows]
[2017.10.25-04.37.24:256][  0]LogContentStreaming: Texture pool size is 0.00 MB
[2017.10.25-04.37.24:639][  0]LogSimplygon: Simplygon DLL not present - disabling.
[2017.10.25-04.37.24:677][  0]LogMeshReduction: Using SimplygonSwarm for distributed automatic mesh merging
[2017.10.25-04.37.24:678][  0]LogMeshReduction: Using QuadricMeshReduction for automatic static mesh reduction
[2017.10.25-04.37.24:678][  0]LogMeshReduction: No automatic skeletal mesh reduction module available
[2017.10.25-04.37.24:678][  0]LogMeshReduction: No automatic mesh merging module available
[2017.10.25-04.37.24:678][  0]LogMeshMerging: No automatic mesh merging module available
[2017.10.25-04.37.25:180][  0]LogNetVersion: Level1Section3 , NetCL: 3573198, EngineNetVer: 2, GameNetVer: 0 (Checksum: 2175665377)
[2017.10.25-04.37.25:406][  0]LogPackageLocalizationCache: Processed 5 localized package path(s) for 1 prioritized culture(s) in 0.050037 seconds
[2017.10.25-04.37.25:413][  0]LogUObjectArray: 35825 objects as part of root set at end of initial load.
[2017.10.25-04.37.25:413][  0]LogUObjectAllocator: 7529112 out of 0 bytes used by permanent object pool.
[2017.10.25-04.37.25:413][  0]LogUObjectArray: CloseDisregardForGC: 0/0 objects in disregard for GC pool
[2017.10.25-04.37.25:455][  0]LogInit: WinSock: version 1.1 (2.2), MaxSocks=32767, MaxUdp=65467
[2017.10.25-04.37.28:357][  0]LogTcpMessaging: Initializing TcpMessaging bridge
[2017.10.25-04.37.28:389][  0]LogUdpMessaging: Initializing bridge on interface 0.0.0.0:0 to multicast group 230.0.0.1:6666.
[2017.10.25-04.37.28:998][  0]LogMaterial: Uniform references updated for custom material expression Custom.
[2017.10.25-04.37.29:423][  0]SourceControl: Source control is disabled
[2017.10.25-04.37.29:424][  0]SourceControl: Source control is disabled
[2017.10.25-04.37.29:465][  0]SourceControl: Source control is disabled
[2017.10.25-04.37.29:506][  0]SourceControl: Source control is disabled
[2017.10.25-04.37.30:021][  0]LogAndroidPermission: UAndroidPermissionCallbackProxy::GetInstance
[2017.10.25-04.37.30:233][  0]LogOcInput: OculusInput pre-init called
[2017.10.25-04.37.30:481][  0]LogEngine: Initializing Engine...
[2017.10.25-04.37.30:483][  0]LogHMD: Failed to initialize OpenVR with code 110
[2017.10.25-04.37.30:782][  0]LogStats: UGameplayTagsManager::ConstructGameplayTagTree: Construct from data asset -  0.000 s
[2017.10.25-04.37.30:782][  0]LogStats: UGameplayTagsManager::ConstructGameplayTagTree: GameplayTagTreeChangedEvent.Broadcast -  0.000 s
[2017.10.25-04.37.30:906][  0]LogAIModule: Creating AISystem for world Untitled
[2017.10.25-04.37.30:919][  0]LogInit: XAudio2 using 'Altavoces (Realtek High Definition Audio)' : 2 channels at 48 kHz using 32 bits per sample (channel mask 0x3)
[2017.10.25-04.37.30:950][  0]LogInit: FAudioDevice initialized.
[2017.10.25-04.37.31:444][  0]LogDerivedDataCache: Saved boot cache 0.49s 93MB C:/Users/Seven/AppData/Local/UnrealEngine/4.17/DerivedDataCache/Boot.ddc.
[2017.10.25-04.37.31:469][  0]LogInit: Texture streaming: Enabled
[2017.10.25-04.37.31:556][  0]LogEngineSessionManager: EngineSessionManager initialized
[2017.10.25-04.37.31:800][  0]LogInit: Transaction tracking system initialized
[2017.10.25-04.37.32:079][  0]BlueprintLog: New page: Editor Load
[2017.10.25-04.37.32:856][  0]LocalizationService: Localization service is disabled
[2017.10.25-04.37.33:503][  0]LogConsoleResponse: Display: 
[2017.10.25-04.37.33:783][  0]LogCook: Display: Max memory allowance for cook 16384mb min free memory 0mb
[2017.10.25-04.37.33:783][  0]LogCook: Display: Mobile HDR setting 0
[2017.10.25-04.37.33:783][  0]LogGameplayTags: Display: UGameplayTagsManager::DoneAddingNativeTags. DelegateIsBound: 0
[2017.10.25-04.37.34:007][  0]LogFileCache: Scanning file cache for directory 'C:/Users/Seven/Documents/Unreal Projects/Level1Section3/Content/' took 0.02s
[2017.10.25-04.37.34:718][  0]SourceControl: Source control is disabled
[2017.10.25-04.37.34:718][  0]Cmd: MAP LOAD FILE="C:/Users/Seven/Documents/Unreal Projects/Level1Section3/Content/FirstPersonBP/Maps/FirstPersonExampleMap.umap" TEMPLATE=0 SHOWPROGRESS=1 FEATURELEVEL=3
[2017.10.25-04.37.34:745][  0]LightingResults: New page: Lighting Build
[2017.10.25-04.37.34:785][  0]MapCheck: New page: Map Check
[2017.10.25-04.37.34:785][  0]LightingResults: New page: Lighting Build
[2017.10.25-04.37.40:591][  0]LogAIModule: Creating AISystem for world FirstPersonExampleMap
[2017.10.25-04.37.40:866][  0]LogEditorServer: Finished looking for orphan Actors (0.000 secs)
[2017.10.25-04.37.40:895][  0]Cmd: MAP CHECKDEP NOCLEARLOG
[2017.10.25-04.37.40:972][  0]MapCheck: Map check complete: 0 Error(s), 0 Warning(s), took 77.502ms to complete.
[2017.10.25-04.37.40:972][  0]LogFileHelpers: Loading map 'FirstPersonExampleMap' took 6.254
[2017.10.25-04.37.41:674][  0]LogCollectionManager: Loaded 0 collections in 0.001579 seconds
[2017.10.25-04.37.41:881][  0]LogFileCache: Scanning file cache for directory 'C:/Users/Seven/Documents/Unreal Projects/Level1Section3/Saved/Collections/' took 0.01s
[2017.10.25-04.37.41:881][  0]LogFileCache: Scanning file cache for directory 'C:/Users/Seven/Documents/Unreal Projects/Level1Section3/Content/Developers/Seven/Collections/' took 0.01s
[2017.10.25-04.37.41:881][  0]LogFileCache: Scanning file cache for directory 'C:/Users/Seven/Documents/Unreal Projects/Level1Section3/Content/Collections/' took 0.01s
[2017.10.25-04.37.41:881][  0]LogCollectionManager: Rebuilt the GUID cache for 0 collections in 0.000000 seconds
[2017.10.25-04.37.41:893][  0]LogContentBrowser: Native class hierarchy populated in 0.0097 seconds. Added 2386 classes and 500 folders.
[2017.10.25-04.37.41:987][  0]LogContentBrowser: Native class hierarchy updated for 'WidgetCarousel' in 0.0011 seconds. Added 0 classes and 0 folders.
[2017.10.25-04.37.42:963][  0]LogContentBrowser: Native class hierarchy updated for 'AddContentDialog' in 0.0007 seconds. Added 0 classes and 0 folders.
[2017.10.25-04.37.43:104][  0]LogContentBrowser: Native class hierarchy updated for 'SceneOutliner' in 0.0008 seconds. Added 1 classes and 2 folders.
[2017.10.25-04.37.44:316][  0]LogSlate: Took 0.000248 seconds to synchronously load lazily loaded font '../../../Engine/Content/Slate/Fonts/Roboto-Regular.ttf' (155K)
[2017.10.25-04.37.44:339][  0]LogSlate: Took 0.001511 seconds to synchronously load lazily loaded font '../../../Engine/Content/Slate/Fonts/Roboto-Bold.ttf' (160K)
[2017.10.25-04.37.44:397][  0]LogSlate: Took 0.023037 seconds to synchronously load lazily loaded font '../../../Engine/Content/Editor/Slate/Fonts/FontAwesome.ttf' (139K)
[2017.10.25-04.37.45:009][  0]LogRenderer: Reallocating scene render targets to support 1208x576 Format 10 NumSamples 1 (Frame:1).
[2017.10.25-04.37.46:124][  0]LogContentBrowser: Native class hierarchy updated for 'HierarchicalLODOutliner' in 0.0007 seconds. Added 1 classes and 2 folders.
[2017.10.25-04.37.46:125][  0]LogLoad: (Engine Initialization) Total time: 31.84 seconds
[2017.10.25-04.37.46:125][  0]LogLoad: (Engine Initialization) Total Blueprint compile time: 0.00 seconds
[2017.10.25-04.37.46:125][  0]LogExternalProfiler: Found external profiler: VSPerf
[2017.10.25-04.37.46:125][  0]LogExternalProfiler: Using external profiler: VSPerf
[2017.10.25-04.37.46:174][  0]LogContentStreaming: Texture pool size now 1000 MB
[2017.10.25-04.37.46:352][  0]LogSlate: Took 0.018931 seconds to synchronously load lazily loaded font '../../../Engine/Content/Slate/Fonts/Roboto-Light.ttf' (159K)
[2017.10.25-04.37.46:693][  1]LogAssetRegistry: Asset discovery search completed in 22.6529 seconds
[2017.10.25-04.37.46:697][  1]LogCollectionManager: Rebuilt the object cache for 0 collections in 0.000001 seconds (found 0 objects)
[2017.10.25-04.37.46:697][  1]LogCollectionManager: Fixed up redirectors for 0 collections in 0.000078 seconds (updated 0 objects)
[2017.10.25-04.37.59:499][ 25]Cmd: MAP LOAD FILE="C:/Users/Seven/Documents/Unreal Projects/Level1Section3/Content/N1S3.umap" TEMPLATE=0 SHOWPROGRESS=1 FEATURELEVEL=3
[2017.10.25-04.37.59:534][ 25]LogSlate: Took 0.000278 seconds to synchronously load lazily loaded font '../../../Engine/Content/Slate/Fonts/Roboto-Light.ttf' (159K)
[2017.10.25-04.37.59:574][ 25]LightingResults: New page: Lighting Build
[2017.10.25-04.37.59:575][ 25]LoadErrors: New page: Loading map: N1S3.umap
[2017.10.25-04.37.59:578][ 25]MapCheck: New page: Map Check
[2017.10.25-04.37.59:579][ 25]LightingResults: New page: Lighting Build
[2017.10.25-04.38.00:637][ 25]LogSlate: Took 0.000306 seconds to synchronously load lazily loaded font '../../../Engine/Content/Slate/Fonts/Roboto-Regular.ttf' (155K)
[2017.10.25-04.38.01:177][ 25]LogAIModule: Creating AISystem for world N1S3
[2017.10.25-04.38.01:233][ 25]LogEditorServer: Finished looking for orphan Actors (0.000 secs)
[2017.10.25-04.38.01:335][ 25]Cmd: MAP CHECKDEP NOCLEARLOG
[2017.10.25-04.38.01:418][ 25]MapCheck: Map check complete: 0 Error(s), 0 Warning(s), took 82.878ms to complete.
[2017.10.25-04.38.01:418][ 25]LogFileHelpers: Loading map 'N1S3' took 1.920
[2017.10.25-04.47.44:993][859]LogEditorViewport: Clicking on Actor (LMB): StaticMeshActor (M_N01_S01_PiedraSuelo3a_piso_002)
[2017.10.25-04.47.47:125][860]LogEditorViewport: Clicking on Actor (LMB): StaticMeshActor (M_N01_S03_Estatua1_Sphere001)
[2017.10.25-04.48.11:762][953]LogActorFactory: Actor Factory created M_N01_S03_BaseMascara1_Box003
[2017.10.25-04.48.15:374][184]LogActorFactory: Actor Factory created M_N01_S03_BaseMascara1_Box003
[2017.10.25-04.48.16:915][261]Cmd: DELETE
[2017.10.25-04.48.16:915][261]Cmd: ACTOR DELETE
[2017.10.25-04.48.17:280][261]LogEditorActor: Deleted Actor: StaticMeshActor
[2017.10.25-04.48.17:293][261]LogEditorActor: Deleted 1 Actors (0.037 secs)
[2017.10.25-04.48.33:015][360]LogSlate: Took 0.000343 seconds to synchronously load lazily loaded font '../../../Engine/Content/Slate/Fonts/Roboto-Light.ttf' (159K)
[2017.10.25-04.48.41:770][386]Cmd: OBJ SAVEPACKAGE PACKAGE="/Game/N1S3" FILE="C:/Users/Seven/Documents/Unreal Projects/Level1Section3/Saved/Autosaves/Game/N1S3_Auto1.umap" SILENT=true AUTOSAVING=true KEEPDIRTY=false
[2017.10.25-04.48.42:063][386]LogSavePackage: Save=179.62ms
[2017.10.25-04.48.42:063][386]LogSavePackage: Moving 'C:/Users/Seven/Documents/Unreal Projects/Level1Section3/Saved/N1S3_Auto174130FFF456025CDC4508586657954E9.tmp' to 'C:/Users/Seven/Documents/Unreal Projects/Level1Section3/Saved/Autosaves/Game/N1S3_Auto1.umap'
[2017.10.25-04.48.42:064][386]LogSavePackage: Display: Finished SavePackage C:/Users/Seven/Documents/Unreal Projects/Level1Section3/Saved/Autosaves/Game/N1S3_Auto1.umap
[2017.10.25-04.48.42:066][386]LogFileHelpers: Editor autosave (incl. sublevels) for '/Game/N1S3' took 0.391
[2017.10.25-04.48.42:066][386]LogFileHelpers: Editor autosave (incl. sublevels) for all levels took 0.391
[2017.10.25-05.05.11:835][ 62]LogActorFactory: Actor Factory created M_N01_S03_BaseMascara1_Box003
[2017.10.25-05.05.14:252][244]LogActorFactory: Actor Factory created M_N01_S03_BaseMascara1_Box003
[2017.10.25-05.05.19:740][423]LogSlate: Took 0.750279 seconds to synchronously load lazily loaded font '../../../Engine/Content/Editor/Slate/Fonts/Roboto-Italic.ttf' (157K)
[2017.10.25-05.05.36:500][294]LogEditorViewport: Clicking on Actor (LMB): StaticMeshActor (M_N01_S03_Estatua1_Sphere001)
[2017.10.25-05.06.04:130][779]LogEditorViewport: Clicking on Actor (LMB): StaticMeshActor (M_N01_S03_BaseMascara1_Box003)
[2017.10.25-05.06.48:095][844]Cmd: OBJ SAVEPACKAGE PACKAGE="/Game/N1S3" FILE="C:/Users/Seven/Documents/Unreal Projects/Level1Section3/Saved/Autosaves/Game/N1S3_Auto2.umap" SILENT=true AUTOSAVING=true KEEPDIRTY=false
[2017.10.25-05.06.48:300][844]LogSavePackage: Save=49.53ms
[2017.10.25-05.06.48:300][844]LogSavePackage: Moving 'C:/Users/Seven/Documents/Unreal Projects/Level1Section3/Saved/N1S3_Auto216FF8ED44FCE393187F7FB82482D99FF.tmp' to 'C:/Users/Seven/Documents/Unreal Projects/Level1Section3/Saved/Autosaves/Game/N1S3_Auto2.umap'
[2017.10.25-05.06.48:301][844]LogSavePackage: Display: Finished SavePackage C:/Users/Seven/Documents/Unreal Projects/Level1Section3/Saved/Autosaves/Game/N1S3_Auto2.umap
[2017.10.25-05.06.48:339][844]LogFileHelpers: Editor autosave (incl. sublevels) for '/Game/N1S3' took 0.258
[2017.10.25-05.06.48:339][844]LogFileHelpers: Editor autosave (incl. sublevels) for all levels took 0.258
[2017.10.25-05.19.55:792][140]LogContentBrowser: Native class hierarchy updated for 'BlueprintGraph' in 0.0810 seconds. Added 113 classes and 0 folders.
[2017.10.25-05.20.22:295][140]LogRenderer: Reallocating scene render targets to support 1208x696 Format 10 NumSamples 1 (Frame:1).
[2017.10.25-05.22.18:282][985]Cmd: OBJ SAVEPACKAGE PACKAGE="/Game/Table" FILE="C:/Users/Seven/Documents/Unreal Projects/Level1Section3/Content/Table.uasset" SILENT=true
[2017.10.25-05.22.18:357][985]LogSavePackage: Save=73.87ms
[2017.10.25-05.22.18:357][985]LogSavePackage: Moving 'C:/Users/Seven/Documents/Unreal Projects/Level1Section3/Saved/Table3B2C6D7045F732D8788BB7805DCB9449.tmp' to 'C:/Users/Seven/Documents/Unreal Projects/Level1Section3/Content/Table.uasset'
[2017.10.25-05.22.18:359][985]LogSavePackage: Display: Finished SavePackage C:/Users/Seven/Documents/Unreal Projects/Level1Section3/Content/Table.uasset
[2017.10.25-05.23.48:155][819]Cmd: OBJ SAVEPACKAGE PACKAGE="/Game/N1S3" FILE="C:/Users/Seven/Documents/Unreal Projects/Level1Section3/Content/N1S3.umap" SILENT=true AUTOSAVING=false KEEPDIRTY=false
[2017.10.25-05.23.48:481][819]LogSavePackage: Save=71.78ms
[2017.10.25-05.23.48:481][819]LogSavePackage: Moving 'C:/Users/Seven/Documents/Unreal Projects/Level1Section3/Saved/N1S3C3D372684D9D312DE7C9C98D7B110AFE.tmp' to 'C:/Users/Seven/Documents/Unreal Projects/Level1Section3/Content/N1S3.umap'
[2017.10.25-05.23.48:484][819]LogSavePackage: Display: Finished SavePackage C:/Users/Seven/Documents/Unreal Projects/Level1Section3/Content/N1S3.umap
[2017.10.25-05.23.48:737][819]Cmd: OBJ SAVEPACKAGE PACKAGE="/Game/N1S3_BuiltData" FILE="C:/Users/Seven/Documents/Unreal Projects/Level1Section3/Content/N1S3_BuiltData.uasset" SILENT=true
[2017.10.25-05.23.48:853][819]LogSavePackage: Save=112.28ms
[2017.10.25-05.23.48:853][819]LogSavePackage: Moving 'C:/Users/Seven/Documents/Unreal Projects/Level1Section3/Saved/N1S3_BuiltDataD3880171435267B0C6F5709F193E2012.tmp' to 'C:/Users/Seven/Documents/Unreal Projects/Level1Section3/Content/N1S3_BuiltData.uasset'
[2017.10.25-05.23.48:887][819]LogSavePackage: Display: Finished SavePackage C:/Users/Seven/Documents/Unreal Projects/Level1Section3/Content/N1S3_BuiltData.uasset
[2017.10.25-05.23.50:427][881]LogEditorViewport: Clicking on Actor (LMB): StaticMeshActor (M_N01_S01_PiedraSuelo3a_piso_002)
[2017.10.25-05.23.52:436][ 13]LogEditorViewport: Clicking on Actor (LMB): Table_C (Table2)
[2017.10.25-05.24.43:673][426]LogEditorViewport: Clicking on Actor (context menu): StaticMeshActor (M_N01_S01_PiedraSuelo3a_piso_002)
[2017.10.25-05.25.05:721][409]Cmd: QUIT_EDITOR
[2017.10.25-05.25.10:907][409]LogExit: Preparing to exit.
[2017.10.25-05.25.19:014][409]LogExit: Editor shut down
[2017.10.25-05.25.19:018][409]LogExit: Transaction tracking system shut down
[2017.10.25-05.25.22:848][409]LogDirectoryWatcher: A directory notification for '../../../Engine/Content/' was aborted.
[2017.10.25-05.25.22:848][409]LogDirectoryWatcher: A directory notification for 'C:/Users/Seven/Documents/Unreal Projects/Level1Section3/Content/' was aborted.
[2017.10.25-05.25.22:848][409]LogDirectoryWatcher: A directory notification for '../../../Engine/Plugins/2D/Paper2D/Content/' was aborted.
[2017.10.25-05.25.22:848][409]LogDirectoryWatcher: A directory notification for '../../../Engine/Plugins/Runtime/Oculus/OculusVR/Content/' was aborted.
[2017.10.25-05.25.22:848][409]LogDirectoryWatcher: A directory notification for '../../../Engine/Plugins/Runtime/Steam/SteamVR/Content/' was aborted.
[2017.10.25-05.25.38:485][409]LogExit: Object subsystem successfully closed.
[2017.10.25-05.25.40:140][409]LogD3D11RHI: Shutdown
[2017.10.25-05.25.40:173][409]LogD3D11RHI: CleanupD3DDevice
[2017.10.25-05.25.44:657][409]LogD3D11RHI: ~FD3D11DynamicRHI
[2017.10.25-05.25.51:007][409]LogModuleManager: Shutting down and abandoning module StaticMeshEditor (536)
[2017.10.25-05.25.51:008][409]LogModuleManager: Shutting down and abandoning module BlueprintGraph (534)
[2017.10.25-05.25.51:008][409]LogModuleManager: Shutting down and abandoning module BlueprintProfiler (532)
[2017.10.25-05.25.51:875][409]LogModuleManager: Shutting down and abandoning module HierarchicalLODOutliner (530)
[2017.10.25-05.25.51:875][409]LogModuleManager: Shutting down and abandoning module SceneOutliner (528)
[2017.10.25-05.25.51:875][409]LogModuleManager: Shutting down and abandoning module AddContentDialog (526)
[2017.10.25-05.25.52:058][409]LogDirectoryWatcher: A directory notification for 'D:/Unreal Engine/UE_4.17/FeaturePacks/' was aborted.
[2017.10.25-05.25.52:059][409]LogModuleManager: Shutting down and abandoning module WidgetCarousel (525)
[2017.10.25-05.25.52:059][409]LogModuleManager: Shutting down and abandoning module EditorWidgets (522)
[2017.10.25-05.25.52:059][409]LogModuleManager: Shutting down and abandoning module CollectionManager (520)
[2017.10.25-05.25.52:089][409]LogDirectoryWatcher: A directory notification for 'C:/Users/Seven/Documents/Unreal Projects/Level1Section3/Content/Collections/' was aborted.
[2017.10.25-05.25.52:089][409]LogDirectoryWatcher: A directory notification for 'C:/Users/Seven/Documents/Unreal Projects/Level1Section3/Content/Developers/Seven/Collections/' was aborted.
[2017.10.25-05.25.52:089][409]LogDirectoryWatcher: A directory notification for 'C:/Users/Seven/Documents/Unreal Projects/Level1Section3/Saved/Collections/' was aborted.
[2017.10.25-05.25.52:089][409]LogModuleManager: Shutting down and abandoning module StatsViewer (518)
[2017.10.25-05.25.52:148][409]LogModuleManager: Shutting down and abandoning module FoliageEdit (516)
[2017.10.25-05.25.52:148][409]LogModuleManager: Shutting down and abandoning module LandscapeEditor (514)
[2017.10.25-05.25.52:576][409]LogModuleManager: Shutting down and abandoning module MeshPaintMode (512)
[2017.10.25-05.25.52:609][409]LogModuleManager: Shutting down and abandoning module SceneDepthPickerMode (510)
[2017.10.25-05.25.52:609][409]LogModuleManager: Shutting down and abandoning module ActorPickerMode (508)
[2017.10.25-05.25.52:609][409]LogModuleManager: Shutting down and abandoning module GeometryMode (506)
[2017.10.25-05.25.52:609][409]LogModuleManager: Shutting down and abandoning module TextureAlignMode (504)
[2017.10.25-05.25.52:609][409]LogModuleManager: Shutting down and abandoning module BspMode (502)
[2017.10.25-05.25.52:609][409]LogModuleManager: Shutting down and abandoning module PIEPreviewDeviceProfileSelector (500)
[2017.10.25-05.25.52:609][409]LogModuleManager: Shutting down and abandoning module HardwareSurvey (498)
[2017.10.25-05.25.52:643][409]LogModuleManager: Shutting down and abandoning module SequenceRecorderSections (496)
[2017.10.25-05.25.52:676][409]LogModuleManager: Shutting down and abandoning module AutomationWorker (494)
[2017.10.25-05.25.52:686][409]LogModuleManager: Shutting down and abandoning module MatineeToLevelSequence (492)
[2017.10.25-05.25.52:715][409]LogModuleManager: Shutting down and abandoning module LevelSequenceEditor (490)
[2017.10.25-05.25.52:817][409]LogModuleManager: Shutting down and abandoning module PlacementMode (489)
[2017.10.25-05.25.52:817][409]LogModuleManager: Shutting down and abandoning module WmfMediaFactory (486)
[2017.10.25-05.25.52:817][409]LogModuleManager: Shutting down and abandoning module WmfMediaEditor (484)
[2017.10.25-05.25.52:817][409]LogModuleManager: Shutting down and abandoning module AvfMediaFactory (482)
[2017.10.25-05.25.52:817][409]LogModuleManager: Shutting down and abandoning module AvfMediaEditor (480)
[2017.10.25-05.25.52:817][409]LogModuleManager: Shutting down and abandoning module AndroidMediaFactory (478)
[2017.10.25-05.25.52:855][409]LogModuleManager: Shutting down and abandoning module Media (477)
[2017.10.25-05.25.52:855][409]LogModuleManager: Shutting down and abandoning module AndroidMediaEditor (474)
[2017.10.25-05.25.52:855][409]LogModuleManager: Shutting down and abandoning module CharacterAI (472)
[2017.10.25-05.25.52:855][409]LogModuleManager: Shutting down and abandoning module AudioCapture (470)
[2017.10.25-05.25.52:866][409]LogModuleManager: Shutting down and abandoning module SequenceRecorder (469)
[2017.10.25-05.25.52:888][409]LogModuleManager: Shutting down and abandoning module SmartSnapping (466)
[2017.10.25-05.25.52:888][409]LogModuleManager: Shutting down and abandoning module SessionServices (464)
[2017.10.25-05.25.52:888][409]LogModuleManager: Shutting down and abandoning module ViewportSnapping (462)
[2017.10.25-05.25.52:888][409]LogModuleManager: Shutting down and abandoning module ViewportInteraction (460)
[2017.10.25-05.25.52:888][409]LogModuleManager: Shutting down and abandoning module ClothPainter (458)
[2017.10.25-05.25.53:101][409]LogModuleManager: Shutting down and abandoning module LogVisualizer (456)
[2017.10.25-05.25.54:077][409]LogModuleManager: Shutting down and abandoning module IntroTutorials (454)
[2017.10.25-05.25.54:347][409]LogModuleManager: Shutting down and abandoning module GameProjectGeneration (453)
[2017.10.25-05.25.54:470][409]LogModuleManager: Shutting down and abandoning module IOSPlatformEditor (450)
[2017.10.25-05.25.54:509][409]LogModuleManager: Shutting down and abandoning module HTML5PlatformEditor (448)
[2017.10.25-05.25.54:509][409]LogModuleManager: Shutting down and abandoning module AndroidPlatformEditor (446)
[2017.10.25-05.25.54:509][409]LogModuleManager: Shutting down and abandoning module AndroidDeviceDetection (445)
[2017.10.25-05.25.55:417][409]LogModuleManager: Shutting down and abandoning module WindowsPlatformEditor (442)
[2017.10.25-05.25.55:417][409]LogModuleManager: Shutting down and abandoning module IOSRuntimeSettings (440)
[2017.10.25-05.25.55:417][409]LogModuleManager: Shutting down and abandoning module AndroidRuntimeSettings (438)
[2017.10.25-05.25.55:417][409]LogModuleManager: Shutting down and abandoning module InputBindingEditor (436)
[2017.10.25-05.25.55:512][409]LogModuleManager: Shutting down and abandoning module MergeActors (434)
[2017.10.25-05.25.55:536][409]LogModuleManager: Shutting down and abandoning module SizeMap (432)
[2017.10.25-05.25.55:556][409]LogModuleManager: Shutting down and abandoning module TreeMap (430)
[2017.10.25-05.25.55:575][409]LogModuleManager: Shutting down and abandoning module ReferenceViewer (428)
[2017.10.25-05.25.55:619][409]LogModuleManager: Shutting down and abandoning module LocalizationDashboard (426)
[2017.10.25-05.25.55:811][409]LogModuleManager: Shutting down and abandoning module LocalizationService (425)
[2017.10.25-05.25.55:885][409]LogModuleManager: Shutting down and abandoning module HardwareTargeting (422)
[2017.10.25-05.25.55:885][409]LogModuleManager: Shutting down and abandoning module DeviceProfileEditor (420)
[2017.10.25-05.25.55:917][409]LogModuleManager: Shutting down and abandoning module UndoHistory (418)
[2017.10.25-05.25.55:927][409]LogModuleManager: Shutting down and abandoning module XmlParser (416)
[2017.10.25-05.25.56:016][409]LogModuleManager: Shutting down and abandoning module Blutility (414)
[2017.10.25-05.25.56:026][409]LogModuleManager: Shutting down and abandoning module ProjectSettingsViewer (412)
[2017.10.25-05.25.56:053][409]LogModuleManager: Shutting down and abandoning module ProjectTargetPlatformEditor (411)
[2017.10.25-05.25.56:082][409]LogModuleManager: Shutting down and abandoning module EditorSettingsViewer (408)
[2017.10.25-05.25.56:106][409]LogModuleManager: Shutting down and abandoning module SettingsEditor (406)
[2017.10.25-05.25.56:156][409]LogModuleManager: Shutting down and abandoning module ProjectLauncher (404)
[2017.10.25-05.25.56:198][409]LogModuleManager: Shutting down and abandoning module SessionFrontend (402)
[2017.10.25-05.25.56:232][409]LogModuleManager: Shutting down and abandoning module ProfilerClient (400)
[2017.10.25-05.25.56:241][409]LogModuleManager: Shutting down and abandoning module DeviceManager (398)
[2017.10.25-05.25.56:257][409]LogModuleManager: Shutting down and abandoning module TargetDeviceServices (397)
[2017.10.25-05.25.56:307][409]LogModuleManager: Shutting down and abandoning module AutomationController (394)
[2017.10.25-05.25.56:368][409]LogModuleManager: Shutting down and abandoning module AutomationWindow (392)
[2017.10.25-05.25.56:410][409]LogModuleManager: Shutting down and abandoning module Layers (390)
[2017.10.25-05.25.56:529][409]LogModuleManager: Shutting down and abandoning module ComponentVisualizers (388)
[2017.10.25-05.25.56:529][409]LogModuleManager: Shutting down and abandoning module DetailCustomizations (386)
[2017.10.25-05.25.56:627][409]LogModuleManager: Shutting down and abandoning module PackagesDialog (384)
[2017.10.25-05.25.56:627][409]LogModuleManager: Shutting down and abandoning module Persona (382)
[2017.10.25-05.25.56:838][409]LogModuleManager: Shutting down and abandoning module AdvancedPreviewScene (381)
[2017.10.25-05.25.56:838][409]LogModuleManager: Shutting down and abandoning module AnimGraph (379)
[2017.10.25-05.25.56:838][409]LogModuleManager: Shutting down and abandoning module Kismet (376)
[2017.10.25-05.25.56:910][409]LogModuleManager: Shutting down and abandoning module ClassViewer (374)
[2017.10.25-05.25.56:911][409]LogModuleManager: Shutting down and abandoning module Toolbox (372)
[2017.10.25-05.25.56:954][409]LogModuleManager: Shutting down and abandoning module ModuleUI (370)
[2017.10.25-05.25.56:964][409]LogModuleManager: Shutting down and abandoning module MovieSceneTools (368)
[2017.10.25-05.25.57:477][409]LogModuleManager: Shutting down and abandoning module OutputLog (366)
[2017.10.25-05.25.57:583][409]LogModuleManager: Shutting down and abandoning module GammaUI (364)
[2017.10.25-05.25.57:647][409]LogModuleManager: Shutting down and abandoning module Documentation (362)
[2017.10.25-05.25.57:647][409]LogModuleManager: Shutting down and abandoning module MovieSceneTracks (360)
[2017.10.25-05.25.57:647][409]LogModuleManager: Shutting down and abandoning module MovieScene (358)
[2017.10.25-05.25.57:647][409]LogModuleManager: Shutting down and abandoning module Niagara (356)
[2017.10.25-05.25.57:648][409]LogModuleManager: Shutting down and abandoning module NiagaraEditor (355)
[2017.10.25-05.25.57:987][409]LogModuleManager: Shutting down and abandoning module StreamingPauseRendering (352)
[2017.10.25-05.25.58:015][409]LogModuleManager: Shutting down and abandoning module LauncherPlatform (350)
[2017.10.25-05.25.58:015][409]LogModuleManager: Shutting down and abandoning module AnalyticsET (348)
[2017.10.25-05.25.58:015][409]LogModuleManager: Shutting down and abandoning module PortalServices (346)
[2017.10.25-05.25.58:015][409]LogModuleManager: Shutting down and abandoning module PortalRpc (344)
[2017.10.25-05.25.58:015][409]LogModuleManager: Shutting down and abandoning module MessagingRpc (342)
[2017.10.25-05.25.58:015][409]LogModuleManager: Shutting down and abandoning module AIModule (340)
[2017.10.25-05.25.58:056][409]LogModuleManager: Shutting down and abandoning module GameplayDebugger (339)
[2017.10.25-05.25.58:206][409]LogModuleManager: Shutting down and abandoning module AITestSuite (337)
[2017.10.25-05.25.58:234][409]LogModuleManager: Shutting down and abandoning module ProfilerService (334)
[2017.10.25-05.25.58:406][409]LogModuleManager: Shutting down and abandoning module TaskGraph (332)
[2017.10.25-05.25.58:455][409]LogModuleManager: Shutting down and abandoning module SteamVRController (330)
[2017.10.25-05.25.58:455][409]LogModuleManager: Shutting down and abandoning module ProceduralMeshComponentEditor (328)
[2017.10.25-05.25.58:455][409]LogModuleManager: Shutting down and abandoning module ProceduralMeshComponent (326)
[2017.10.25-05.25.58:455][409]LogModuleManager: Shutting down and abandoning module OculusInput (324)
[2017.10.25-05.25.58:455][409]LogModuleManager: Shutting down and abandoning module MobilePatchingUtils (322)
[2017.10.25-05.25.58:455][409]LogModuleManager: Shutting down and abandoning module CustomMeshComponent (320)
[2017.10.25-05.25.58:455][409]LogModuleManager: Shutting down and abandoning module CableComponent (318)
[2017.10.25-05.25.58:455][409]LogModuleManager: Shutting down and abandoning module ArchVisCharacter (316)
[2017.10.25-05.25.58:455][409]LogModuleManager: Shutting down and abandoning module AndroidPermission (314)
[2017.10.25-05.25.58:455][409]LogModuleManager: Shutting down and abandoning module MediaPlayerEditor (310)
[2017.10.25-05.25.58:548][409]LogModuleManager: Shutting down and abandoning module HTML5Networking (308)
[2017.10.25-05.25.58:548][409]LogModuleManager: Shutting down and abandoning module AlembicImporter (306)
[2017.10.25-05.25.58:583][409]LogModuleManager: Shutting down and abandoning module AlembicLibrary (305)
[2017.10.25-05.25.58:583][409]LogModuleManager: Shutting down and abandoning module GeometryCache (304)
[2017.10.25-05.25.58:583][409]LogModuleManager: Shutting down and abandoning module GeometryCacheEd (303)
[2017.10.25-05.25.58:583][409]LogModuleManager: Shutting down and abandoning module SpeedTreeImporter (298)
[2017.10.25-05.25.58:583][409]LogModuleManager: Shutting down and abandoning module PluginBrowser (296)
[2017.10.25-05.25.58:736][409]LogModuleManager: Shutting down and abandoning module MobileLauncherProfileWizard (294)
[2017.10.25-05.25.58:805][409]LogModuleManager: Shutting down and abandoning module VisualStudioSourceCodeAccess (292)
[2017.10.25-05.25.58:828][409]LogModuleManager: Shutting down and abandoning module DesktopPlatform (291)
[2017.10.25-05.25.58:894][409]LogModuleManager: Shutting down and abandoning module UObjectPlugin (288)
[2017.10.25-05.25.58:894][409]LogModuleManager: Shutting down and abandoning module SubversionSourceControl (286)
[2017.10.25-05.25.58:928][409]LogModuleManager: Shutting down and abandoning module PerforceSourceControl (284)
[2017.10.25-05.25.59:192][409]LogModuleManager: Shutting down and abandoning module GitSourceControl (282)
[2017.10.25-05.25.59:386][409]LogModuleManager: Shutting down and abandoning module SourceControl (281)
[2017.10.25-05.25.59:465][409]LogModuleManager: Shutting down and abandoning module LightPropagationVolumeEditor (278)
[2017.10.25-05.25.59:465][409]LogModuleManager: Shutting down and abandoning module PaperTiledImporter (276)
[2017.10.25-05.25.59:465][409]LogModuleManager: Shutting down and abandoning module PaperSpriteSheetImporter (274)
[2017.10.25-05.25.59:465][409]LogModuleManager: Shutting down and abandoning module Paper2DEditor (272)
[2017.10.25-05.25.59:479][409]LogModuleManager: Shutting down and abandoning module MeshPaint (271)
[2017.10.25-05.25.59:616][409]LogModuleManager: Shutting down and abandoning module LevelEditor (269)
[2017.10.25-05.25.59:798][409]LogModuleManager: Shutting down and abandoning module PixelInspectorModule (268)
[2017.10.25-05.25.59:873][409]LogModuleManager: Shutting down and abandoning module MainFrame (266)
[2017.10.25-05.25.59:873][409]LogModuleManager: Shutting down and abandoning module HotReload (265)
[2017.10.25-05.25.59:939][409]LogModuleManager: Shutting down and abandoning module RuntimePhysXCooking (260)
[2017.10.25-05.25.59:951][409]LogModuleManager: Shutting down and abandoning module PhysXVehiclesEditor (258)
[2017.10.25-05.25.59:971][409]LogModuleManager: Shutting down and abandoning module PhysXVehicles (256)
[2017.10.25-05.25.59:971][409]LogModuleManager: Shutting down and abandoning module OculusEditor (254)
[2017.10.25-05.25.59:971][409]LogModuleManager: Shutting down and abandoning module LocationServicesBPLibrary (252)
[2017.10.25-05.25.59:971][409]LogModuleManager: Shutting down and abandoning module ImmediatePhysicsEditor (250)
[2017.10.25-05.25.59:971][409]LogModuleManager: Shutting down and abandoning module ImmediatePhysics (248)
[2017.10.25-05.25.59:971][409]LogModuleManager: Shutting down and abandoning module UdpMessaging (246)
[2017.10.25-05.26.00:096][409]LogModuleManager: Shutting down and abandoning module TcpMessaging (244)
[2017.10.25-05.26.00:196][409]LogModuleManager: Shutting down and abandoning module GameplayTagsEditor (242)
[2017.10.25-05.26.00:317][409]LogModuleManager: Shutting down and abandoning module FacialAnimationEditor (240)
[2017.10.25-05.26.00:323][409]LogModuleManager: Shutting down and abandoning module FacialAnimation (238)
[2017.10.25-05.26.00:323][409]LogModuleManager: Shutting down and abandoning module AssetManagerEditor (236)
[2017.10.25-05.26.00:402][409]LogModuleManager: Shutting down and abandoning module GraphEditor (235)
[2017.10.25-05.26.00:458][409]LogModuleManager: Shutting down and abandoning module ContentBrowser (233)
[2017.10.25-05.26.00:496][409]LogModuleManager: Shutting down and abandoning module LightPropagationVolumeRuntime (230)
[2017.10.25-05.26.00:496][409]LogModuleManager: Shutting down and abandoning module Paper2D (228)
[2017.10.25-05.26.00:516][409]LogModuleManager: Shutting down and abandoning module WindowsMoviePlayer (226)
[2017.10.25-05.26.00:642][409]LogModuleManager: Shutting down and abandoning module WmfMedia (224)
[2017.10.25-05.26.00:724][409]LogModuleManager: Shutting down and abandoning module PacketHandler (222)
[2017.10.25-05.26.00:724][409]LogModuleManager: Shutting down and abandoning module ClothingSystemEditor (220)
[2017.10.25-05.26.00:724][409]LogModuleManager: Shutting down and abandoning module ClothingSystemRuntime (218)
[2017.10.25-05.26.00:867][409]LogModuleManager: Shutting down and abandoning module Overlay (216)
[2017.10.25-05.26.00:867][409]LogModuleManager: Shutting down and abandoning module OverlayEditor (215)
[2017.10.25-05.26.00:889][409]LogModuleManager: Shutting down and abandoning module MediaAssets (212)
[2017.10.25-05.26.00:889][409]LogModuleManager: Shutting down and abandoning module VREditor (210)
[2017.10.25-05.26.00:930][409]LogModuleManager: Shutting down and abandoning module StringTableEditor (208)
[2017.10.25-05.26.00:944][409]LogModuleManager: Shutting down and abandoning module GameplayTasksEditor (206)
[2017.10.25-05.26.00:944][409]LogModuleManager: Shutting down and abandoning module BehaviorTreeEditor (204)
[2017.10.25-05.26.01:026][409]LogModuleManager: Shutting down and abandoning module FunctionalTesting (202)
[2017.10.25-05.26.01:047][409]LogModuleManager: Shutting down and abandoning module CollisionAnalyzer (200)
[2017.10.25-05.26.01:073][409]LogModuleManager: Shutting down and abandoning module WorkspaceMenuStructure (199)
[2017.10.25-05.26.01:324][409]LogModuleManager: Shutting down and abandoning module UMG (196)
[2017.10.25-05.26.01:371][409]LogModuleManager: Shutting down and abandoning module UMGEditor (195)
[2017.10.25-05.26.01:395][409]LogModuleManager: Shutting down and abandoning module Sequencer (194)
[2017.10.25-05.26.01:425][409]LogModuleManager: Shutting down and abandoning module MessageLog (191)
[2017.10.25-05.26.01:502][409]LogModuleManager: Shutting down and abandoning module SlateReflector (186)
[2017.10.25-05.26.01:712][409]LogModuleManager: Shutting down and abandoning module Slate (184)
[2017.10.25-05.26.01:712][409]LogModuleManager: Shutting down and abandoning module EditorStyle (182)
[2017.10.25-05.26.01:932][409]LogModuleManager: Shutting down and abandoning module MRMesh (180)
[2017.10.25-05.26.01:932][409]LogModuleManager: Shutting down and abandoning module SourceCodeAccess (178)
[2017.10.25-05.26.01:959][409]LogModuleManager: Shutting down and abandoning module HeadMountedDisplay (176)
[2017.10.25-05.26.01:960][409]LogModuleManager: Shutting down and abandoning module XAudio2 (174)
[2017.10.25-05.26.01:960][409]LogModuleManager: Shutting down and abandoning module Networking (172)
[2017.10.25-05.26.01:960][409]LogModuleManager: Shutting down and abandoning module Core (168)
[2017.10.25-05.26.01:960][409]LogModuleManager: Shutting down and abandoning module KismetCompiler (164)
[2017.10.25-05.26.01:960][409]LogModuleManager: Shutting down and abandoning module MeshUtilities (162)
[2017.10.25-05.26.02:160][409]LogModuleManager: Shutting down and abandoning module MeshMergeUtilities (161)
[2017.10.25-05.26.02:185][409]LogModuleManager: Shutting down and abandoning module MeshReductionInterface (160)
[2017.10.25-05.26.02:185][409]LogModuleManager: Shutting down and abandoning module SimplygonSwarm (159)
[2017.10.25-05.26.02:227][409]LogModuleManager: Shutting down and abandoning module SimplygonMeshReduction (157)
[2017.10.25-05.26.02:256][409]LogModuleManager: Shutting down and abandoning module QuadricMeshReduction (155)
[2017.10.25-05.26.02:270][409]LogModuleManager: Shutting down and abandoning module MaterialBaking (151)
[2017.10.25-05.26.02:499][409]LogModuleManager: Shutting down and abandoning module LevelSequence (148)
[2017.10.25-05.26.02:499][409]LogModuleManager: Shutting down and abandoning module DirectoryWatcher (146)
[2017.10.25-05.26.02:500][409]LogModuleManager: Shutting down and abandoning module DerivedDataCache (144)
[2017.10.25-05.26.02:713][409]LogDerivedDataCache: Shutdown
[2017.10.25-05.26.02:713][409]LogModuleManager: Shutting down and abandoning module TargetPlatform (142)
[2017.10.25-05.26.02:713][409]LogModuleManager: Shutting down and abandoning module VulkanShaderFormat (141)
[2017.10.25-05.26.02:764][409]LogModuleManager: Shutting down and abandoning module ShaderFormatVectorVM (139)
[2017.10.25-05.26.02:786][409]LogModuleManager: Shutting down and abandoning module ShaderFormatOpenGL (137)
[2017.10.25-05.26.02:793][409]LogModuleManager: Shutting down and abandoning module ShaderFormatD3D (135)
[2017.10.25-05.26.02:872][409]LogModuleManager: Shutting down and abandoning module MetalShaderFormat (133)
[2017.10.25-05.26.02:995][409]LogModuleManager: Shutting down and abandoning module TextureFormatUncompressed (131)
[2017.10.25-05.26.03:014][409]LogModuleManager: Shutting down and abandoning module TextureFormatPVR (129)
[2017.10.25-05.26.03:042][409]LogModuleManager: Shutting down and abandoning module TextureFormatDXT (127)
[2017.10.25-05.26.03:042][409]LogModuleManager: Shutting down and abandoning module TextureFormatIntelISPCTexComp (125)
[2017.10.25-05.26.03:459][409]LogModuleManager: Shutting down and abandoning module TextureFormatASTC (123)
[2017.10.25-05.26.03:460][409]LogModuleManager: Shutting down and abandoning module ImageWrapper (122)
[2017.10.25-05.26.03:460][409]LogModuleManager: Shutting down and abandoning module TextureFormatAndroid (119)
[2017.10.25-05.26.03:483][409]LogModuleManager: Shutting down and abandoning module AudioFormatOpus (117)
[2017.10.25-05.26.03:483][409]LogModuleManager: Shutting down and abandoning module AudioFormatOgg (115)
[2017.10.25-05.26.03:490][409]LogModuleManager: Shutting down and abandoning module AudioFormatADPCM (113)
[2017.10.25-05.26.03:496][409]LogModuleManager: Shutting down and abandoning module LinuxTargetPlatform (111)
[2017.10.25-05.26.03:496][409]LogModuleManager: Shutting down and abandoning module LinuxServerTargetPlatform (109)
[2017.10.25-05.26.03:496][409]LogModuleManager: Shutting down and abandoning module LinuxNoEditorTargetPlatform (107)
[2017.10.25-05.26.03:546][409]LogModuleManager: Shutting down and abandoning module LinuxClientTargetPlatform (105)
[2017.10.25-05.26.03:550][409]LogModuleManager: Shutting down and abandoning module TVOSTargetPlatform (103)
[2017.10.25-05.26.03:550][409]LogModuleManager: Shutting down and abandoning module Messaging (101)
[2017.10.25-05.26.03:550][409]LogModuleManager: Shutting down and abandoning module IOSTargetPlatform (99)
[2017.10.25-05.26.03:550][409]LogModuleManager: Shutting down and abandoning module HTML5TargetPlatform (97)
[2017.10.25-05.26.03:551][409]LogModuleManager: Shutting down and abandoning module Android_PVRTCTargetPlatform (95)
[2017.10.25-05.26.03:551][409]LogModuleManager: Shutting down and abandoning module Android_MultiTargetPlatform (93)
[2017.10.25-05.26.03:551][409]LogModuleManager: Shutting down and abandoning module Android_ETC2TargetPlatform (91)
[2017.10.25-05.26.03:551][409]LogModuleManager: Shutting down and abandoning module Android_ETC1TargetPlatform (89)
[2017.10.25-05.26.03:551][409]LogModuleManager: Shutting down and abandoning module Android_DXTTargetPlatform (87)
[2017.10.25-05.26.03:551][409]LogModuleManager: Shutting down and abandoning module Android_ATCTargetPlatform (85)
[2017.10.25-05.26.03:551][409]LogModuleManager: Shutting down and abandoning module Android_ASTCTargetPlatform (83)
[2017.10.25-05.26.03:551][409]LogModuleManager: Shutting down and abandoning module AndroidTargetPlatform (81)
[2017.10.25-05.26.03:551][409]LogModuleManager: Shutting down and abandoning module WindowsTargetPlatform (79)
[2017.10.25-05.26.03:551][409]LogModuleManager: Shutting down and abandoning module WindowsServerTargetPlatform (77)
[2017.10.25-05.26.03:578][409]LogModuleManager: Shutting down and abandoning module WindowsNoEditorTargetPlatform (75)
[2017.10.25-05.26.03:612][409]LogModuleManager: Shutting down and abandoning module WindowsClientTargetPlatform (73)
[2017.10.25-05.26.03:678][409]LogModuleManager: Shutting down and abandoning module MacTargetPlatform (71)
[2017.10.25-05.26.03:678][409]LogModuleManager: Shutting down and abandoning module MacServerTargetPlatform (69)
[2017.10.25-05.26.03:701][409]LogModuleManager: Shutting down and abandoning module MacNoEditorTargetPlatform (67)
[2017.10.25-05.26.03:709][409]LogModuleManager: Shutting down and abandoning module MacClientTargetPlatform (65)
[2017.10.25-05.26.03:736][409]LogModuleManager: Shutting down and abandoning module AllDesktopTargetPlatform (63)
[2017.10.25-05.26.03:736][409]LogModuleManager: Shutting down and abandoning module InputCore (60)
[2017.10.25-05.26.03:736][409]LogModuleManager: Shutting down and abandoning module Settings (58)
[2017.10.25-05.26.03:736][409]LogModuleManager: Shutting down and abandoning module PhysXCooking (56)
[2017.10.25-05.26.03:736][409]LogModuleManager: Shutting down and abandoning module SteamVR (54)
[2017.10.25-05.26.03:736][409]LogModuleManager: Shutting down and abandoning module OculusHMD (52)
[2017.10.25-05.26.03:755][409]LogModuleManager: Shutting down and abandoning module ExampleDeviceProfileSelector (50)
[2017.10.25-05.26.03:755][409]LogModuleManager: Shutting down and abandoning module OnlineBlueprintSupport (48)
[2017.10.25-05.26.03:755][409]LogModuleManager: Shutting down and abandoning module OnlineSubsystem (44)
[2017.10.25-05.26.03:755][409]LogOnline: Display: Unloading online subsystem: NULL
[2017.10.25-05.26.03:888][409]LogModuleManager: Shutting down and abandoning module XMPP (43)
[2017.10.25-05.26.04:027][409]LogModuleManager: Shutting down and abandoning module HTTP (41)
[2017.10.25-05.26.04:038][409]LogHttp: Display: Http module shutting down, but needs to wait on 1 outstanding Http requests:
[2017.10.25-05.26.04:051][409]LogHttp: Display: 	verb=[POST] url=[https://datarouter.ol.epicgames.com/datarouter/api/v1/public/data?SessionID=%7BF1213F5A-44FF-B239-3809-539B0D23E0C7%7D&AppID=UEEditor.Rocket.Release&AppVersion=4.17.2-3658906%2B%2B%2BUE4%2BRelease-4.17&UserID=7dbb256345fb018de9da7a9cc3e4ea30%7Ca17e081f91554be2b60518f525d3a85e%7C04b9fef2-14bb-475c-96bc-ba2e0370c8e4&AppEnvironment=datacollector-binary&UploadType=eteventstream] status=Processing
[2017.10.25-05.26.04:091][409]LogModuleManager: Shutting down and abandoning module SSL (40)
[2017.10.25-05.26.04:167][409]LogModuleManager: Shutting down and abandoning module AnimationModifiers (36)
[2017.10.25-05.26.04:210][409]LogModuleManager: Shutting down and abandoning module PropertyEditor (35)
[2017.10.25-05.26.04:423][409]LogModuleManager: Shutting down and abandoning module AudioEditor (32)
[2017.10.25-05.26.04:475][409]LogModuleManager: Shutting down and abandoning module TextureCompressor (30)
[2017.10.25-05.26.04:601][409]LogModuleManager: Shutting down and abandoning module ShaderCore (28)
[2017.10.25-05.26.04:601][409]LogModuleManager: Shutting down and abandoning module Landscape (26)
[2017.10.25-05.26.04:601][409]LogModuleManager: Shutting down and abandoning module SlateRHIRenderer (24)
[2017.10.25-05.26.04:671][409]LogModuleManager: Shutting down and abandoning module OpenGLDrv (22)
[2017.10.25-05.26.04:693][409]LogModuleManager: Shutting down and abandoning module D3D11RHI (20)
[2017.10.25-05.26.04:693][409]LogModuleManager: Shutting down and abandoning module AnimGraphRuntime (18)
[2017.10.25-05.26.04:693][409]LogModuleManager: Shutting down and abandoning module Renderer (16)
[2017.10.25-05.26.04:693][409]LogModuleManager: Shutting down and abandoning module Engine (14)
[2017.10.25-05.26.04:693][409]LogModuleManager: Shutting down and abandoning module CoreUObject (12)
[2017.10.25-05.26.04:693][409]LogModuleManager: Shutting down and abandoning module NetworkFile (10)
[2017.10.25-05.26.04:712][409]LogModuleManager: Shutting down and abandoning module CookedIterativeFile (8)
[2017.10.25-05.26.04:721][409]LogModuleManager: Shutting down and abandoning module StreamingFile (6)
[2017.10.25-05.26.04:745][409]LogModuleManager: Shutting down and abandoning module SandboxFile (4)
[2017.10.25-05.26.04:745][409]LogModuleManager: Shutting down and abandoning module PakFile (2)
[2017.10.25-05.26.05:129][409]LogExit: Exiting.
[2017.10.25-05.26.05:222][409]Log file closed, 10/25/17 00:26:05
